00:00:00.021043 VirtualBox NAT Network 6.1.34 r163282288 win.amd64 (Mar  5 2026 15:42:49) release log
00:00:00.021047 Log opened 2026-04-25T19:52:35.449120400Z
00:00:00.021048 Build Type: release
00:00:00.021052 OS Product: Windows 11
00:00:00.021054 OS Release: 10.0.26200
00:00:00.021054 OS Service Pack: 
00:00:00.121298 DMI Product Name: Latitude 5400
00:00:00.138882 DMI Product Version: 
00:00:00.138936 Firmware type: UEFI
00:00:00.140728 Secure Boot: VERR_PRIVILEGE_NOT_HELD
00:00:00.140794 Host RAM: 8066MB (7.8GB) total, 2767MB (2.7GB) available
00:00:00.140802 Executable: C:\Program Files\ldplayer9box\VBoxNetNAT.exe
00:00:00.140804 Process ID: 9480
00:00:00.140805 Package type: WINDOWS_64BITS_GENERIC (OSE)
00:00:00.178484 SUP: Opened Ld9VMMR0.r0 (C:\Program Files\ldplayer9box\Ld9VMMR0.r0) at 0xXXXXXXXXXXXXXXXX loaded by the native ring-0 loader.
00:00:00.178585 SUP: windbg> .reload /f C:\Program Files\ldplayer9box\Ld9VMMR0.r0=0xXXXXXXXXXXXXXXXX
00:00:00.186479 netif NT0: mac 52:54:00:12:35:00
00:00:00.186532 netif NT0: inet 172.16.1.1 netmask 255.255.255.0
00:00:00.186547 netif NT0: inet6 fe80::5054:ff:fe12:3500
00:00:00.186610 netif NT0: inet6 fd17:625c:f037:1001::1
