48:03:13.807427 Log continuation - Log started 2026-04-25T19:52:35.436717800Z
48:03:13.807523  xid 0xb428a2e6 chaddr 00:db:03:99:73:1a
48:03:13.807573  ciaddr 172.16.1.4
48:03:13.807610  client id: 01 00 db 03 99 73 1a
48:03:13.807630  params { 1 3 6 15 26 28 51 58 59 43 }
48:03:13.807818   57: 05 dc
48:03:13.807835   60: 'android-dhcp-9'
48:03:13.808094 > allocateAddress to client [01:00:db:03:99:73:1a] (00:db:03:99:73:1a)
48:03:13.808510 > ... found existing binding 172.16.1.4 to [01:00:db:03:99:73:1a] (00:db:03:99:73:1a), acked, valid from 2026-04-27T19:50:49Z for 600s until 2026-04-27T20:00:49Z
48:03:13.808657 Lease time 600 secs (default)
48:03:13.808930 writing leases to C:\Users\Dell\.Ld9VirtualBox\LdNatNetwork0-Dhcpd.leases
48:03:13.823984 >>> requested option 1 (SubnetMask)
48:03:13.824005 ... always supplied
48:03:13.824013 >>> requested option 3 (Routers)
48:03:13.824019 ... found in GlobalConfig (type global)
48:03:13.824026 >>> requested option 6 (DNSes)
48:03:13.824032 ... found in GlobalConfig (type global)
48:03:13.824038 >>> requested option 15 (DomainName)
48:03:13.824044 ... found in GlobalConfig (type global)
48:03:13.824050 >>> requested option 26 (InterfaceMTU)
48:03:13.824057 ... not found
48:03:13.824063 >>> requested option 28 (BroadcastAddress)
48:03:13.824069 ... not found
48:03:13.824075 >>> requested option 51 (LeaseTime)
48:03:13.824081 ... not found
48:03:13.824088 >>> requested option 58 (RenewalTime)
48:03:13.824102 ... not found
48:03:13.824116 >>> requested option 59 (RebindingTime)
48:03:13.824124 ... not found
48:03:13.824130 >>> requested option 43 (VendorSpecificInfo)
48:03:13.824136 ... not found
48:03:13.824153 encoding option 1 (SubnetMask)
48:03:13.824160 encoding option 3 (Routers)
48:03:13.824166 encoding option 6 (DNSes)
48:03:13.824172 encoding option 15 (DomainName)
48:03:13.824179 encoding option 51 (LeaseTime)
48:03:13.824186 ACK xid 0xb428a2e6 chaddr 00:db:03:99:73:1a
48:03:13.824206  ciaddr 172.16.1.4 yiaddr 172.16.1.4
48:03:13.824224 encoded message: 548 bytes
48:03:13.824226 0000000002ae2650/0000: 02 01 06 00 e6 a2 28 b4-00 00 00 00 ac 10 01 04 ......(.........
48:03:13.824491 0000000002ae2660/0010: ac 10 01 04 00 00 00 00-00 00 00 00 00 db 03 99 ................
48:03:13.824494 0000000002ae2670/0020: 73 1a 00 00 00 00 00 00-00 00 00 00 00 00 00 00 s...............
48:03:13.824496 0000000002ae2680/0030: 00 00 00 00 00 00 00 00-00 00 00 00 00 00 00 00 ................
48:03:13.824499 0000000002ae2690/0040: 00 00 00 00 00 00 00 00-00 00 00 00 00 00 00 00 ................
48:03:13.824501 0000000002ae26a0/0050: 00 00 00 00 00 00 00 00-00 00 00 00 00 00 00 00 ................
48:03:13.824503 0000000002ae26b0/0060: 00 00 00 00 00 00 00 00-00 00 00 00 00 00 00 00 ................
48:03:13.824504 0000000002ae26c0/0070: 00 00 00 00 00 00 00 00-00 00 00 00 00 00 00 00 ................
48:03:13.824506 0000000002ae26d0/0080: 00 00 00 00 00 00 00 00-00 00 00 00 00 00 00 00 ................
48:03:13.824508 0000000002ae26e0/0090: 00 00 00 00 00 00 00 00-00 00 00 00 00 00 00 00 ................
48:03:13.824510 0000000002ae26f0/00a0: 00 00 00 00 00 00 00 00-00 00 00 00 00 00 00 00 ................
48:03:13.824512 0000000002ae2700/00b0: 00 00 00 00 00 00 00 00-00 00 00 00 00 00 00 00 ................
48:03:13.824514 0000000002ae2710/00c0: 00 00 00 00 00 00 00 00-00 00 00 00 00 00 00 00 ................
48:03:13.824516 0000000002ae2720/00d0: 00 00 00 00 00 00 00 00-00 00 00 00 00 00 00 00 ................
48:03:13.824517 0000000002ae2730/00e0: 00 00 00 00 00 00 00 00-00 00 00 00 63 82 53 63 ............c.Sc
48:03:13.824519 0000000002ae2740/00f0: 36 04 ac 10 01 03 35 01-05 01 04 ff ff ff 00 03 6.....5.........
48:03:13.824521 0000000002ae2750/0100: 04 ac 10 01 01 06 08 08-08 08 08 08 08 04 04 0f ................
48:03:13.824523 0000000002ae2760/0110: 04 68 6f 6d 65 33 04 00-00 02 58 ff 00 00 00 00 .home3....X.....
48:03:13.824525 0000000002ae2770/0120: 00 00 00 00 00 00 00 00-00 00 00 00 00 00 00 00 ................
48:03:13.824527 0000000002ae2780/0130: 00 00 00 00 00 00 00 00-00 00 00 00 00 00 00 00 ................
48:03:13.824529 0000000002ae2790/0140: 00 00 00 00 00 00 00 00-00 00 00 00 00 00 00 00 ................
48:03:13.824538 0000000002ae27a0/0150: 00 00 00 00 00 00 00 00-00 00 00 00 00 00 00 00 ................
48:03:13.824540 0000000002ae27b0/0160: 00 00 00 00 00 00 00 00-00 00 00 00 00 00 00 00 ................
48:03:13.824541 0000000002ae27c0/0170: 00 00 00 00 00 00 00 00-00 00 00 00 00 00 00 00 ................
48:03:13.824543 0000000002ae27d0/0180: 00 00 00 00 00 00 00 00-00 00 00 00 00 00 00 00 ................
48:03:13.824545 0000000002ae27e0/0190: 00 00 00 00 00 00 00 00-00 00 00 00 00 00 00 00 ................
48:03:13.824547 0000000002ae27f0/01a0: 00 00 00 00 00 00 00 00-00 00 00 00 00 00 00 00 ................
48:03:13.824548 0000000002ae2800/01b0: 00 00 00 00 00 00 00 00-00 00 00 00 00 00 00 00 ................
48:03:13.824550 0000000002ae2810/01c0: 00 00 00 00 00 00 00 00-00 00 00 00 00 00 00 00 ................
48:03:13.824552 0000000002ae2820/01d0: 00 00 00 00 00 00 00 00-00 00 00 00 00 00 00 00 ................
48:03:13.824553 0000000002ae2830/01e0: 00 00 00 00 00 00 00 00-00 00 00 00 00 00 00 00 ................
48:03:13.824555 0000000002ae2840/01f0: 00 00 00 00 00 00 00 00-00 00 00 00 00 00 00 00 ................
48:03:13.824557 0000000002ae2850/0200: 00 00 00 00 00 00 00 00-00 00 00 00 00 00 00 00 ................
48:03:13.824558 0000000002ae2860/0210: 00 00 00 00 00 00 00 00-00 00 00 00 00 00 00 00 ................
48:03:13.824560 0000000002ae2870/0220: 00 00 00 00                                     ....
